-------------------------------------------------------------------------------
Test set: com.docencia.ejercicios.FuerzaThorHulkTest
-------------------------------------------------------------------------------
Tests run: 1, Failures: 1, Errors: 0, Skipped: 0, Time elapsed: 5.085 s <<< FAILURE! -- in com.docencia.ejercicios.FuerzaThorHulkTest
com.docencia.ejercicios.FuerzaThorHulkTest.FuerzaThorHulk_terminaPorTiempo_yDeclaraResultado -- Time elapsed: 5.085 s <<< FAILURE!
org.opentest4j.AssertionFailedError: La salida debe contener 'Â¡Tiempo!' ==> expected: <true> but was: <false>
	at org.junit.jupiter.api.AssertionFailureBuilder.build(AssertionFailureBuilder.java:151)
	at org.junit.jupiter.api.AssertionFailureBuilder.buildAndThrow(AssertionFailureBuilder.java:132)
	at org.junit.jupiter.api.AssertTrue.failNotTrue(AssertTrue.java:63)
	at org.junit.jupiter.api.AssertTrue.assertTrue(AssertTrue.java:36)
	at org.junit.jupiter.api.Assertions.assertTrue(Assertions.java:214)
	at com.docencia.ejercicios.FuerzaThorHulkTest.FuerzaThorHulk_terminaPorTiempo_yDeclaraResultado(FuerzaThorHulkTest.java:24)
	at java.base/java.lang.reflect.Method.invoke(Method.java:568)
	at java.base/java.util.ArrayList.forEach(ArrayList.java:1511)
	at java.base/java.util.ArrayList.forEach(ArrayList.java:1511)

